<?xml version="1.0" encoding="UTF-8"?>
<testng-results ignored="0" total="2" passed="2" failed="0" skipped="0">
  <reporter-output>
  </reporter-output>
  <suite started-at="2023-03-28T13:24:03 CDT" name="Default suite" finished-at="2023-03-28T13:24:20 CDT" duration-ms="16895">
    <groups>
    </groups>
    <test started-at="2023-03-28T13:24:03 CDT" name="Default test" finished-at="2023-03-28T13:24:20 CDT" duration-ms="16895">
      <class name="com.git.GitHubLoginTest">
        <test-method is-config="true" signature="setUp()[pri:0, instance:com.git.GitHubLoginTest@1e1a0406]" started-at="2023-03-28T13:24:03 CDT" name="setUp" finished-at="2023-03-28T13:24:04 CDT" duration-ms="1408" status="PASS">
          <reporter-output>
          </reporter-output>
        </test-method> <!-- setUp -->
        <test-method signature="testIncorrectLogin()[pri:1, instance:com.git.GitHubLoginTest@1e1a0406]" started-at="2023-03-28T13:24:04 CDT" name="testIncorrectLogin" finished-at="2023-03-28T13:24:08 CDT" duration-ms="3928" status="PASS">
          <reporter-output>
          </reporter-output>
        </test-method> <!-- testIncorrectLogin -->
        <test-method signature="testCorrectLogin()[pri:2, instance:com.git.GitHubLoginTest@1e1a0406]" started-at="2023-03-28T13:24:08 CDT" name="testCorrectLogin" finished-at="2023-03-28T13:24:20 CDT" duration-ms="11538" status="PASS">
          <reporter-output>
          </reporter-output>
        </test-method> <!-- testCorrectLogin -->
        <test-method is-config="true" signature="tearDown()[pri:0, instance:com.git.GitHubLoginTest@1e1a0406]" started-at="2023-03-28T13:24:20 CDT" name="tearDown" finished-at="2023-03-28T13:24:20 CDT" duration-ms="1" status="PASS">
          <reporter-output>
          </reporter-output>
        </test-method> <!-- tearDown -->
      </class> <!-- com.git.GitHubLoginTest -->
    </test> <!-- Default test -->
  </suite> <!-- Default suite -->
</testng-results>
